<?xml version="1.0" encoding="UTF-8"?>
<!-- Generated by org.testng.reporters.JUnitReportReporter -->
<testsuite hostname="SINGAMREDDY" name="com.zoho.Logintest.GmailLoginTest" tests="1" failures="0" timestamp="21 Jul 2023 07:15:14 GMT" time="15.809" errors="0">
  <testcase name="gmailLoginTest" time="15.809" classname="com.zoho.Logintest.GmailLoginTest"/>
</testsuite> <!-- com.zoho.Logintest.GmailLoginTest -->
